<?xml version="1.0" encoding="UTF-8"?>
<!-- Generated by org.testng.reporters.JUnitReportReporter -->
<testsuite hostname="HYPEG12" failures="0" tests="1" name="com.daryl.testng.runner.CucumberRunnerTests" time="131.372" errors="0" timestamp="2025-08-08T11:31:14 WIB" skipped="0">
  <testcase classname="com.daryl.testng.runner.CucumberRunnerTests" name="runScenario" time="131.372"/>
</testsuite> <!-- com.daryl.testng.runner.CucumberRunnerTests -->
